# JRE version: Java(TM) SE Runtime Environment (21.0.2+13) (build 21.0.2+13-LTS-58)
# Java VM: Java HotSpot(TM) 64-Bit Server VM (21.0.2+13-LTS-58, mixed mode, emulated-client, sharing, tiered, compressed oops, compressed class ptrs, g1 gc, windows-amd64)
GC Precious Log:
 CardTable entry size: 512
 Card Set container configuration: InlinePtr #cards 4 size 8 Array Of Cards #cards 16 size 48 Howl #buckets 8 coarsen threshold 3686 Howl Bitmap #cards 512 size 80 coarsen threshold 460 Card regions per heap region 1 cards per card region 4096
 CPUs: 8 total, 8 available
 Memory: 12163M
 Large Page Support: Disabled
 NUMA Support: Disabled
 Compressed Oops: Enabled (Zero based)
 Heap Region Size: 2M
 Heap Min Capacity: 8M
 Heap Initial Capacity: 192M
 Heap Max Capacity: 3042M
 Pre-touch: Disabled
 Parallel Workers: 8
 Concurrent Workers: 2
 Concurrent Refinement Workers: 8
 Periodic GC: Disabled
Heap:
 garbage-first heap   total 90112K, used 37329K [0x0000000741e00000, 0x0000000800000000)
  region size 2048K, 8 young (16384K), 3 survivors (6144K)
 Metaspace       used 73953K, committed 74688K, reserved 1114112K
  class space    used 10466K, committed 10816K, reserved 1048576K
GC Heap History (20 events):
Event: 182.684 GC heap before
{Heap before GC invocations=24 (full 0):
 garbage-first heap   total 108544K, used 63488K [0x0000000741e00000, 0x0000000800000000)
  region size 2048K, 18 young (36864K), 2 survivors (4096K)
 Metaspace       used 73027K, committed 73920K, reserved 1114112K
  class space    used 10394K, committed 10816K, reserved 1048576K
}
Event: 182.733 GC heap after
{Heap after GC invocations=25 (full 1):
 garbage-first heap   total 108544K, used 27479K [0x0000000741e00000, 0x0000000800000000)
  region size 2048K, 0 young (0K), 0 survivors (0K)
 Metaspace       used 73027K, committed 73920K, reserved 1114112K
  class space    used 10394K, committed 10816K, reserved 1048576K
}
Event: 184.726 GC heap before
{Heap before GC invocations=25 (full 1):
 garbage-first heap   total 108544K, used 88919K [0x0000000741e00000, 0x0000000800000000)
  region size 2048K, 31 young (63488K), 0 survivors (0K)
 Metaspace       used 73365K, committed 74176K, reserved 1114112K
  class space    used 10435K, committed 10816K, reserved 1048576K
}
Event: 184.730 GC heap after
{Heap after GC invocations=26 (full 1):
 garbage-first heap   total 108544K, used 32562K [0x0000000741e00000, 0x0000000800000000)
  region size 2048K, 3 young (6144K), 3 survivors (6144K)
 Metaspace       used 73365K, committed 74176K, reserved 1114112K
  class space    used 10435K, committed 10816K, reserved 1048576K
}
Event: 292.370 GC heap before
{Heap before GC invocations=27 (full 1):
 garbage-first heap   total 108544K, used 87858K [0x0000000741e00000, 0x0000000800000000)
  region size 2048K, 30 young (61440K), 3 survivors (6144K)
 Metaspace       used 73168K, committed 74240K, reserved 1114112K
  class space    used 10358K, committed 10816K, reserved 1048576K
}
Event: 292.377 GC heap after
{Heap after GC invocations=28 (full 1):
 garbage-first heap   total 108544K, used 34458K [0x0000000741e00000, 0x0000000800000000)
  region size 2048K, 2 young (4096K), 2 survivors (4096K)
 Metaspace       used 73168K, committed 74240K, reserved 1114112K
  class space    used 10358K, committed 10816K, reserved 1048576K
}
Event: 706.980 GC heap before
{Heap before GC invocations=28 (full 1):
 garbage-first heap   total 108544K, used 73370K [0x0000000741e00000, 0x0000000800000000)
  region size 2048K, 22 young (45056K), 2 survivors (4096K)
 Metaspace       used 73188K, committed 74240K, reserved 1114112K
  class space    used 10359K, committed 10816K, reserved 1048576K
}
Event: 707.036 GC heap after
{Heap after GC invocations=29 (full 2):
 garbage-first heap   total 90112K, used 23219K [0x0000000741e00000, 0x0000000800000000)
  region size 2048K, 0 young (0K), 0 survivors (0K)
 Metaspace       used 73100K, committed 74240K, reserved 1114112K
  class space    used 10341K, committed 10816K, reserved 1048576K
}
Event: 709.036 GC heap before
{Heap before GC invocations=29 (full 2):
 garbage-first heap   total 90112K, used 74419K [0x0000000741e00000, 0x0000000800000000)
  region size 2048K, 26 young (53248K), 0 survivors (0K)
 Metaspace       used 73368K, committed 74240K, reserved 1114112K
  class space    used 10395K, committed 10816K, reserved 1048576K
}
Event: 709.042 GC heap after
{Heap after GC invocations=30 (full 2):
 garbage-first heap   total 90112K, used 28905K [0x0000000741e00000, 0x0000000800000000)
  region size 2048K, 3 young (6144K), 3 survivors (6144K)
 Metaspace       used 73368K, committed 74240K, reserved 1114112K
  class space    used 10395K, committed 10816K, reserved 1048576K
}
Event: 709.603 GC heap before
{Heap before GC invocations=31 (full 2):
 garbage-first heap   total 90112K, used 73961K [0x0000000741e00000, 0x0000000800000000)
  region size 2048K, 25 young (51200K), 3 survivors (6144K)
 Metaspace       used 73736K, committed 74496K, reserved 1114112K
  class space    used 10444K, committed 10816K, reserved 1048576K
}
Event: 709.611 GC heap after
{Heap after GC invocations=32 (full 2):
 garbage-first heap   total 90112K, used 33483K [0x0000000741e00000, 0x0000000800000000)
  region size 2048K, 3 young (6144K), 3 survivors (6144K)
 Metaspace       used 73736K, committed 74496K, reserved 1114112K
  class space    used 10444K, committed 10816K, reserved 1048576K
}
Event: 1008.441 GC heap before
{Heap before GC invocations=32 (full 2):
 garbage-first heap   total 90112K, used 72395K [0x0000000741e00000, 0x0000000800000000)
  region size 2048K, 22 young (45056K), 3 survivors (6144K)
 Metaspace       used 73812K, committed 74560K, reserved 1114112K
  class space    used 10458K, committed 10816K, reserved 1048576K
}
Event: 1008.449 GC heap after
{Heap after GC invocations=33 (full 2):
 garbage-first heap   total 90112K, used 34579K [0x0000000741e00000, 0x0000000800000000)
  region size 2048K, 1 young (2048K), 1 survivors (2048K)
 Metaspace       used 73812K, committed 74560K, reserved 1114112K
  class space    used 10458K, committed 10816K, reserved 1048576K
}
Event: 1573.782 GC heap before
{Heap before GC invocations=33 (full 2):
 garbage-first heap   total 90112K, used 75539K [0x0000000741e00000, 0x0000000800000000)
  region size 2048K, 21 young (43008K), 1 survivors (2048K)
 Metaspace       used 73812K, committed 74560K, reserved 1114112K
  class space    used 10458K, committed 10816K, reserved 1048576K
}
Event: 1573.790 GC heap after
{Heap after GC invocations=34 (full 2):
 garbage-first heap   total 90112K, used 34034K [0x0000000741e00000, 0x0000000800000000)
  region size 2048K, 1 young (2048K), 1 survivors (2048K)
 Metaspace       used 73812K, committed 74560K, reserved 1114112K
  class space    used 10458K, committed 10816K, reserved 1048576K
}
Event: 1753.077 GC heap before
{Heap before GC invocations=35 (full 2):
 garbage-first heap   total 90112K, used 48370K [0x0000000741e00000, 0x0000000800000000)
  region size 2048K, 9 young (18432K), 1 survivors (2048K)
 Metaspace       used 73655K, committed 74560K, reserved 1114112K
  class space    used 10414K, committed 10816K, reserved 1048576K
}
Event: 1753.125 GC heap after
{Heap after GC invocations=36 (full 3):
 garbage-first heap   total 90112K, used 23583K [0x0000000741e00000, 0x0000000800000000)
  region size 2048K, 0 young (0K), 0 survivors (0K)
 Metaspace       used 73601K, committed 74560K, reserved 1114112K
  class space    used 10404K, committed 10816K, reserved 1048576K
}
Event: 1754.978 GC heap before
{Heap before GC invocations=36 (full 3):
 garbage-first heap   total 90112K, used 76831K [0x0000000741e00000, 0x0000000800000000)
  region size 2048K, 26 young (53248K), 0 survivors (0K)
 Metaspace       used 73861K, committed 74560K, reserved 1114112K
  class space    used 10456K, committed 10816K, reserved 1048576K
}
Event: 1754.983 GC heap after
{Heap after GC invocations=37 (full 3):
 garbage-first heap   total 90112K, used 29137K [0x0000000741e00000, 0x0000000800000000)
  region size 2048K, 3 young (6144K), 3 survivors (6144K)
 Metaspace       used 73861K, committed 74560K, reserved 1114112K
  class space    used 10456K, committed 10816K, reserved 1048576K
}

